  USTNoire.cpp
c:\program files (x86)\microsoft visual studio 10.0\vc\include\gl\angel.h(63): warning C4305: 'initializing' : truncation from 'double' to 'const GLfloat'
c:\program files (x86)\microsoft visual studio 10.0\vc\include\gl\mat.h(698): warning C4244: '=' : conversion from 'double' to 'GLfloat', possible loss of data
c:\program files (x86)\microsoft visual studio 10.0\vc\include\gl\mat.h(699): warning C4244: '=' : conversion from 'double' to 'GLfloat', possible loss of data
c:\program files (x86)\microsoft visual studio 10.0\vc\include\gl\mat.h(700): warning C4244: '=' : conversion from 'double' to 'GLfloat', possible loss of data
c:\program files (x86)\microsoft visual studio 10.0\vc\include\gl\mat.h(721): warning C4244: '=' : conversion from 'double' to 'GLfloat', possible loss of data
c:\program files (x86)\microsoft visual studio 10.0\vc\include\gl\mat.h(723): warning C4244: '=' : conversion from 'double' to 'GLfloat', possible loss of data
c:\program files (x86)\microsoft visual studio 10.0\vc\include\gl\mat.h(726): warning C4244: '=' : conversion from 'double' to 'GLfloat', possible loss of data
c:\program files (x86)\microsoft visual studio 10.0\vc\include\gl\mat.h(743): warning C4244: '=' : conversion from 'double' to 'GLfloat', possible loss of data
c:\users\mspprod\documents\visual studio 2010\projects\ustnoire\ustnoire.cpp(208): warning C4305: 'initializing' : truncation from 'double' to 'GLfloat'
c:\users\mspprod\documents\visual studio 2010\projects\ustnoire\ustnoire.cpp(324): warning C4244: 'argument' : conversion from 'double' to 'GLfloat', possible loss of data
c:\users\mspprod\documents\visual studio 2010\projects\ustnoire\ustnoire.cpp(324): warning C4244: 'argument' : conversion from 'double' to 'GLfloat', possible loss of data
c:\users\mspprod\documents\visual studio 2010\projects\ustnoire\ustnoire.cpp(327): warning C4244: 'argument' : conversion from 'double' to 'GLfloat', possible loss of data
c:\users\mspprod\documents\visual studio 2010\projects\ustnoire\ustnoire.cpp(327): warning C4244: 'argument' : conversion from 'double' to 'GLfloat', possible loss of data
c:\users\mspprod\documents\visual studio 2010\projects\ustnoire\ustnoire.cpp(347): warning C4244: 'argument' : conversion from 'double' to 'GLfloat', possible loss of data
c:\users\mspprod\documents\visual studio 2010\projects\ustnoire\ustnoire.cpp(347): warning C4244: 'argument' : conversion from 'double' to 'GLfloat', possible loss of data
c:\users\mspprod\documents\visual studio 2010\projects\ustnoire\ustnoire.cpp(350): warning C4244: 'argument' : conversion from 'double' to 'GLfloat', possible loss of data
c:\users\mspprod\documents\visual studio 2010\projects\ustnoire\ustnoire.cpp(350): warning C4244: 'argument' : conversion from 'double' to 'GLfloat', possible loss of data
c:\users\mspprod\documents\visual studio 2010\projects\ustnoire\ustnoire.cpp(394): warning C4244: 'argument' : conversion from 'double' to 'GLfloat', possible loss of data
c:\users\mspprod\documents\visual studio 2010\projects\ustnoire\ustnoire.cpp(394): warning C4244: 'argument' : conversion from 'double' to 'GLfloat', possible loss of data
c:\users\mspprod\documents\visual studio 2010\projects\ustnoire\ustnoire.cpp(395): warning C4244: 'argument' : conversion from 'double' to 'GLfloat', possible loss of data
c:\users\mspprod\documents\visual studio 2010\projects\ustnoire\ustnoire.cpp(395): warning C4244: 'argument' : conversion from 'double' to 'GLfloat', possible loss of data
c:\users\mspprod\documents\visual studio 2010\projects\ustnoire\ustnoire.cpp(397): warning C4244: 'argument' : conversion from 'double' to 'GLfloat', possible loss of data
c:\users\mspprod\documents\visual studio 2010\projects\ustnoire\ustnoire.cpp(397): warning C4244: 'argument' : conversion from 'double' to 'GLfloat', possible loss of data
c:\users\mspprod\documents\visual studio 2010\projects\ustnoire\ustnoire.cpp(398): warning C4244: 'argument' : conversion from 'double' to 'GLfloat', possible loss of data
c:\users\mspprod\documents\visual studio 2010\projects\ustnoire\ustnoire.cpp(398): warning C4244: 'argument' : conversion from 'double' to 'GLfloat', possible loss of data
c:\users\mspprod\documents\visual studio 2010\projects\ustnoire\ustnoire.cpp(416): warning C4244: 'argument' : conversion from 'double' to 'GLfloat', possible loss of data
c:\users\mspprod\documents\visual studio 2010\projects\ustnoire\ustnoire.cpp(416): warning C4244: 'argument' : conversion from 'double' to 'GLfloat', possible loss of data
c:\users\mspprod\documents\visual studio 2010\projects\ustnoire\ustnoire.cpp(419): warning C4244: 'argument' : conversion from 'double' to 'GLfloat', possible loss of data
c:\users\mspprod\documents\visual studio 2010\projects\ustnoire\ustnoire.cpp(419): warning C4244: 'argument' : conversion from 'double' to 'GLfloat', possible loss of data
c:\users\mspprod\documents\visual studio 2010\projects\ustnoire\ustnoire.cpp(1014): warning C4305: 'argument' : truncation from 'double' to 'const GLfloat'
c:\users\mspprod\documents\visual studio 2010\projects\ustnoire\ustnoire.cpp(1014): warning C4305: 'argument' : truncation from 'double' to 'const GLfloat'
c:\users\mspprod\documents\visual studio 2010\projects\ustnoire\ustnoire.cpp(1018): warning C4305: 'argument' : truncation from 'double' to 'const GLfloat'
c:\users\mspprod\documents\visual studio 2010\projects\ustnoire\ustnoire.cpp(1018): warning C4305: 'argument' : truncation from 'double' to 'const GLfloat'
c:\users\mspprod\documents\visual studio 2010\projects\ustnoire\ustnoire.cpp(1018): warning C4305: 'argument' : truncation from 'double' to 'const GLfloat'
c:\users\mspprod\documents\visual studio 2010\projects\ustnoire\ustnoire.cpp(1043): warning C4305: 'argument' : truncation from 'double' to 'const GLfloat'
c:\users\mspprod\documents\visual studio 2010\projects\ustnoire\ustnoire.cpp(1043): warning C4305: 'argument' : truncation from 'double' to 'const GLfloat'
c:\users\mspprod\documents\visual studio 2010\projects\ustnoire\ustnoire.cpp(1047): warning C4305: 'argument' : truncation from 'double' to 'const GLfloat'
c:\users\mspprod\documents\visual studio 2010\projects\ustnoire\ustnoire.cpp(1047): warning C4305: 'argument' : truncation from 'double' to 'const GLfloat'
c:\users\mspprod\documents\visual studio 2010\projects\ustnoire\ustnoire.cpp(1047): warning C4305: 'argument' : truncation from 'double' to 'const GLfloat'
c:\users\mspprod\documents\visual studio 2010\projects\ustnoire\ustnoire.cpp(1063): warning C4305: 'argument' : truncation from 'double' to 'const GLfloat'
c:\users\mspprod\documents\visual studio 2010\projects\ustnoire\ustnoire.cpp(1063): warning C4305: 'argument' : truncation from 'double' to 'const GLfloat'
c:\users\mspprod\documents\visual studio 2010\projects\ustnoire\ustnoire.cpp(1067): warning C4305: 'argument' : truncation from 'double' to 'const GLfloat'
c:\users\mspprod\documents\visual studio 2010\projects\ustnoire\ustnoire.cpp(1067): warning C4305: 'argument' : truncation from 'double' to 'const GLfloat'
c:\users\mspprod\documents\visual studio 2010\projects\ustnoire\ustnoire.cpp(1067): warning C4305: 'argument' : truncation from 'double' to 'const GLfloat'
c:\users\mspprod\documents\visual studio 2010\projects\ustnoire\ustnoire.cpp(1082): warning C4305: 'argument' : truncation from 'double' to 'const GLfloat'
c:\users\mspprod\documents\visual studio 2010\projects\ustnoire\ustnoire.cpp(1082): warning C4305: 'argument' : truncation from 'double' to 'const GLfloat'
c:\users\mspprod\documents\visual studio 2010\projects\ustnoire\ustnoire.cpp(1086): warning C4305: 'argument' : truncation from 'double' to 'const GLfloat'
c:\users\mspprod\documents\visual studio 2010\projects\ustnoire\ustnoire.cpp(1086): warning C4305: 'argument' : truncation from 'double' to 'const GLfloat'
c:\users\mspprod\documents\visual studio 2010\projects\ustnoire\ustnoire.cpp(1086): warning C4305: 'argument' : truncation from 'double' to 'const GLfloat'
c:\users\mspprod\documents\visual studio 2010\projects\ustnoire\ustnoire.cpp(1102): warning C4305: 'argument' : truncation from 'double' to 'GLfloat'
c:\users\mspprod\documents\visual studio 2010\projects\ustnoire\ustnoire.cpp(1102): warning C4305: 'argument' : truncation from 'double' to 'GLfloat'
c:\users\mspprod\documents\visual studio 2010\projects\ustnoire\ustnoire.cpp(1102): warning C4305: 'argument' : truncation from 'double' to 'GLfloat'
c:\users\mspprod\documents\visual studio 2010\projects\ustnoire\ustnoire.cpp(1103): warning C4305: 'argument' : truncation from 'double' to 'GLfloat'
c:\users\mspprod\documents\visual studio 2010\projects\ustnoire\ustnoire.cpp(1103): warning C4305: 'argument' : truncation from 'double' to 'GLfloat'
c:\users\mspprod\documents\visual studio 2010\projects\ustnoire\ustnoire.cpp(1103): warning C4305: 'argument' : truncation from 'double' to 'GLfloat'
c:\users\mspprod\documents\visual studio 2010\projects\ustnoire\ustnoire.cpp(1114): warning C4305: 'argument' : truncation from 'double' to 'const GLfloat'
c:\users\mspprod\documents\visual studio 2010\projects\ustnoire\ustnoire.cpp(1114): warning C4305: 'argument' : truncation from 'double' to 'const GLfloat'
c:\users\mspprod\documents\visual studio 2010\projects\ustnoire\ustnoire.cpp(1114): warning C4305: 'argument' : truncation from 'double' to 'const GLfloat'
c:\users\mspprod\documents\visual studio 2010\projects\ustnoire\ustnoire.cpp(1128): warning C4305: 'argument' : truncation from 'double' to 'const GLfloat'
c:\users\mspprod\documents\visual studio 2010\projects\ustnoire\ustnoire.cpp(1128): warning C4305: 'argument' : truncation from 'double' to 'const GLfloat'
c:\users\mspprod\documents\visual studio 2010\projects\ustnoire\ustnoire.cpp(1128): warning C4305: 'argument' : truncation from 'double' to 'const GLfloat'
c:\users\mspprod\documents\visual studio 2010\projects\ustnoire\ustnoire.cpp(1130): warning C4305: 'argument' : truncation from 'double' to 'const GLfloat'
c:\users\mspprod\documents\visual studio 2010\projects\ustnoire\ustnoire.cpp(1130): warning C4305: 'argument' : truncation from 'double' to 'const GLfloat'
c:\users\mspprod\documents\visual studio 2010\projects\ustnoire\ustnoire.cpp(1130): warning C4305: 'argument' : truncation from 'double' to 'const GLfloat'
c:\users\mspprod\documents\visual studio 2010\projects\ustnoire\ustnoire.cpp(1141): warning C4305: 'argument' : truncation from 'double' to 'const GLfloat'
c:\users\mspprod\documents\visual studio 2010\projects\ustnoire\ustnoire.cpp(1141): warning C4305: 'argument' : truncation from 'double' to 'const GLfloat'
c:\users\mspprod\documents\visual studio 2010\projects\ustnoire\ustnoire.cpp(1141): warning C4305: 'argument' : truncation from 'double' to 'const GLfloat'
c:\users\mspprod\documents\visual studio 2010\projects\ustnoire\ustnoire.cpp(1143): warning C4305: 'argument' : truncation from 'double' to 'const GLfloat'
c:\users\mspprod\documents\visual studio 2010\projects\ustnoire\ustnoire.cpp(1143): warning C4305: 'argument' : truncation from 'double' to 'const GLfloat'
c:\users\mspprod\documents\visual studio 2010\projects\ustnoire\ustnoire.cpp(1155): warning C4305: 'argument' : truncation from 'double' to 'const GLfloat'
c:\users\mspprod\documents\visual studio 2010\projects\ustnoire\ustnoire.cpp(1155): warning C4305: 'argument' : truncation from 'double' to 'const GLfloat'
c:\users\mspprod\documents\visual studio 2010\projects\ustnoire\ustnoire.cpp(1155): warning C4305: 'argument' : truncation from 'double' to 'const GLfloat'
c:\users\mspprod\documents\visual studio 2010\projects\ustnoire\ustnoire.cpp(1157): warning C4305: 'argument' : truncation from 'double' to 'const GLfloat'
c:\users\mspprod\documents\visual studio 2010\projects\ustnoire\ustnoire.cpp(1157): warning C4305: 'argument' : truncation from 'double' to 'const GLfloat'
c:\users\mspprod\documents\visual studio 2010\projects\ustnoire\ustnoire.cpp(1157): warning C4305: 'argument' : truncation from 'double' to 'const GLfloat'
c:\users\mspprod\documents\visual studio 2010\projects\ustnoire\ustnoire.cpp(1175): warning C4305: 'argument' : truncation from 'double' to 'const GLfloat'
c:\users\mspprod\documents\visual studio 2010\projects\ustnoire\ustnoire.cpp(1175): warning C4305: 'argument' : truncation from 'double' to 'const GLfloat'
c:\users\mspprod\documents\visual studio 2010\projects\ustnoire\ustnoire.cpp(1204): warning C4244: 'initializing' : conversion from 'double' to 'float', possible loss of data
c:\users\mspprod\documents\visual studio 2010\projects\ustnoire\ustnoire.cpp(1206): warning C4244: '=' : conversion from 'double' to 'int', possible loss of data
c:\users\mspprod\documents\visual studio 2010\projects\ustnoire\ustnoire.cpp(1215): warning C4305: 'initializing' : truncation from 'double' to 'float'
c:\users\mspprod\documents\visual studio 2010\projects\ustnoire\ustnoire.cpp(1216): warning C4305: 'initializing' : truncation from 'double' to 'float'
c:\users\mspprod\documents\visual studio 2010\projects\ustnoire\ustnoire.cpp(1281): warning C4244: 'initializing' : conversion from 'double' to 'float', possible loss of data
c:\users\mspprod\documents\visual studio 2010\projects\ustnoire\ustnoire.cpp(1283): warning C4244: '=' : conversion from 'double' to 'int', possible loss of data
c:\users\mspprod\documents\visual studio 2010\projects\ustnoire\ustnoire.cpp(1291): warning C4305: 'initializing' : truncation from 'double' to 'float'
c:\users\mspprod\documents\visual studio 2010\projects\ustnoire\ustnoire.cpp(1292): warning C4305: 'initializing' : truncation from 'double' to 'float'
c:\users\mspprod\documents\visual studio 2010\projects\ustnoire\ustnoire.cpp(1377): warning C4305: 'argument' : truncation from 'double' to 'const GLfloat'
c:\users\mspprod\documents\visual studio 2010\projects\ustnoire\ustnoire.cpp(1377): warning C4305: 'argument' : truncation from 'double' to 'const GLfloat'
c:\users\mspprod\documents\visual studio 2010\projects\ustnoire\ustnoire.cpp(1381): warning C4305: 'argument' : truncation from 'double' to 'const GLfloat'
c:\users\mspprod\documents\visual studio 2010\projects\ustnoire\ustnoire.cpp(1381): warning C4305: 'argument' : truncation from 'double' to 'const GLfloat'
c:\users\mspprod\documents\visual studio 2010\projects\ustnoire\ustnoire.cpp(1381): warning C4305: 'argument' : truncation from 'double' to 'const GLfloat'
c:\users\mspprod\documents\visual studio 2010\projects\ustnoire\ustnoire.cpp(1398): warning C4305: 'argument' : truncation from 'double' to 'const GLfloat'
c:\users\mspprod\documents\visual studio 2010\projects\ustnoire\ustnoire.cpp(1398): warning C4305: 'argument' : truncation from 'double' to 'const GLfloat'
c:\users\mspprod\documents\visual studio 2010\projects\ustnoire\ustnoire.cpp(1400): warning C4305: 'argument' : truncation from 'double' to 'const GLfloat'
c:\users\mspprod\documents\visual studio 2010\projects\ustnoire\ustnoire.cpp(1400): warning C4305: 'argument' : truncation from 'double' to 'const GLfloat'
c:\users\mspprod\documents\visual studio 2010\projects\ustnoire\ustnoire.cpp(1400): warning C4305: 'argument' : truncation from 'double' to 'const GLfloat'
c:\users\mspprod\documents\visual studio 2010\projects\ustnoire\ustnoire.cpp(1413): warning C4305: 'argument' : truncation from 'double' to 'const GLfloat'
c:\users\mspprod\documents\visual studio 2010\projects\ustnoire\ustnoire.cpp(1413): warning C4305: 'argument' : truncation from 'double' to 'const GLfloat'
c:\users\mspprod\documents\visual studio 2010\projects\ustnoire\ustnoire.cpp(1415): warning C4305: 'argument' : truncation from 'double' to 'const GLfloat'
c:\users\mspprod\documents\visual studio 2010\projects\ustnoire\ustnoire.cpp(1415): warning C4305: 'argument' : truncation from 'double' to 'const GLfloat'
c:\users\mspprod\documents\visual studio 2010\projects\ustnoire\ustnoire.cpp(1415): warning C4305: 'argument' : truncation from 'double' to 'const GLfloat'
c:\users\mspprod\documents\visual studio 2010\projects\ustnoire\ustnoire.cpp(1434): warning C4305: 'argument' : truncation from 'double' to 'const GLfloat'
c:\users\mspprod\documents\visual studio 2010\projects\ustnoire\ustnoire.cpp(1434): warning C4305: 'argument' : truncation from 'double' to 'const GLfloat'
c:\users\mspprod\documents\visual studio 2010\projects\ustnoire\ustnoire.cpp(1434): warning C4305: 'argument' : truncation from 'double' to 'const GLfloat'
c:\users\mspprod\documents\visual studio 2010\projects\ustnoire\ustnoire.cpp(1436): warning C4305: 'argument' : truncation from 'double' to 'const GLfloat'
c:\users\mspprod\documents\visual studio 2010\projects\ustnoire\ustnoire.cpp(1436): warning C4305: 'argument' : truncation from 'double' to 'const GLfloat'
c:\users\mspprod\documents\visual studio 2010\projects\ustnoire\ustnoire.cpp(1436): warning C4305: 'argument' : truncation from 'double' to 'const GLfloat'
c:\users\mspprod\documents\visual studio 2010\projects\ustnoire\ustnoire.cpp(1454): warning C4305: 'argument' : truncation from 'double' to 'const GLfloat'
c:\users\mspprod\documents\visual studio 2010\projects\ustnoire\ustnoire.cpp(1454): warning C4305: 'argument' : truncation from 'double' to 'const GLfloat'
c:\users\mspprod\documents\visual studio 2010\projects\ustnoire\ustnoire.cpp(1454): warning C4305: 'argument' : truncation from 'double' to 'const GLfloat'
c:\users\mspprod\documents\visual studio 2010\projects\ustnoire\ustnoire.cpp(1456): warning C4305: 'argument' : truncation from 'double' to 'const GLfloat'
c:\users\mspprod\documents\visual studio 2010\projects\ustnoire\ustnoire.cpp(1456): warning C4305: 'argument' : truncation from 'double' to 'const GLfloat'
c:\users\mspprod\documents\visual studio 2010\projects\ustnoire\ustnoire.cpp(1456): warning C4305: 'argument' : truncation from 'double' to 'const GLfloat'
c:\users\mspprod\documents\visual studio 2010\projects\ustnoire\ustnoire.cpp(1475): warning C4305: 'argument' : truncation from 'double' to 'const GLfloat'
c:\users\mspprod\documents\visual studio 2010\projects\ustnoire\ustnoire.cpp(1475): warning C4305: 'argument' : truncation from 'double' to 'const GLfloat'
c:\users\mspprod\documents\visual studio 2010\projects\ustnoire\ustnoire.cpp(1477): warning C4305: 'argument' : truncation from 'double' to 'const GLfloat'
c:\users\mspprod\documents\visual studio 2010\projects\ustnoire\ustnoire.cpp(1477): warning C4305: 'argument' : truncation from 'double' to 'const GLfloat'
c:\users\mspprod\documents\visual studio 2010\projects\ustnoire\ustnoire.cpp(1477): warning C4305: 'argument' : truncation from 'double' to 'const GLfloat'
c:\users\mspprod\documents\visual studio 2010\projects\ustnoire\ustnoire.cpp(1490): warning C4305: 'argument' : truncation from 'double' to 'const GLfloat'
c:\users\mspprod\documents\visual studio 2010\projects\ustnoire\ustnoire.cpp(1490): warning C4305: 'argument' : truncation from 'double' to 'const GLfloat'
c:\users\mspprod\documents\visual studio 2010\projects\ustnoire\ustnoire.cpp(1492): warning C4305: 'argument' : truncation from 'double' to 'const GLfloat'
c:\users\mspprod\documents\visual studio 2010\projects\ustnoire\ustnoire.cpp(1492): warning C4305: 'argument' : truncation from 'double' to 'const GLfloat'
c:\users\mspprod\documents\visual studio 2010\projects\ustnoire\ustnoire.cpp(1492): warning C4305: 'argument' : truncation from 'double' to 'const GLfloat'
c:\users\mspprod\documents\visual studio 2010\projects\ustnoire\ustnoire.cpp(1511): warning C4305: 'argument' : truncation from 'double' to 'const GLfloat'
c:\users\mspprod\documents\visual studio 2010\projects\ustnoire\ustnoire.cpp(1511): warning C4305: 'argument' : truncation from 'double' to 'const GLfloat'
c:\users\mspprod\documents\visual studio 2010\projects\ustnoire\ustnoire.cpp(1513): warning C4305: 'argument' : truncation from 'double' to 'const GLfloat'
c:\users\mspprod\documents\visual studio 2010\projects\ustnoire\ustnoire.cpp(1513): warning C4305: 'argument' : truncation from 'double' to 'const GLfloat'
c:\users\mspprod\documents\visual studio 2010\projects\ustnoire\ustnoire.cpp(1513): warning C4305: 'argument' : truncation from 'double' to 'const GLfloat'
c:\users\mspprod\documents\visual studio 2010\projects\ustnoire\ustnoire.cpp(1530): warning C4305: 'argument' : truncation from 'double' to 'const GLfloat'
c:\users\mspprod\documents\visual studio 2010\projects\ustnoire\ustnoire.cpp(1530): warning C4305: 'argument' : truncation from 'double' to 'const GLfloat'
c:\users\mspprod\documents\visual studio 2010\projects\ustnoire\ustnoire.cpp(1532): warning C4305: 'argument' : truncation from 'double' to 'const GLfloat'
c:\users\mspprod\documents\visual studio 2010\projects\ustnoire\ustnoire.cpp(1532): warning C4305: 'argument' : truncation from 'double' to 'const GLfloat'
c:\users\mspprod\documents\visual studio 2010\projects\ustnoire\ustnoire.cpp(1532): warning C4305: 'argument' : truncation from 'double' to 'const GLfloat'
c:\users\mspprod\documents\visual studio 2010\projects\ustnoire\ustnoire.cpp(1568): warning C4305: 'argument' : truncation from 'double' to 'GLfloat'
c:\users\mspprod\documents\visual studio 2010\projects\ustnoire\ustnoire.cpp(1569): warning C4305: 'argument' : truncation from 'double' to 'GLfloat'
c:\users\mspprod\documents\visual studio 2010\projects\ustnoire\ustnoire.cpp(1591): warning C4305: 'argument' : truncation from 'double' to 'GLfloat'
c:\users\mspprod\documents\visual studio 2010\projects\ustnoire\ustnoire.cpp(1592): warning C4305: 'argument' : truncation from 'double' to 'GLfloat'
c:\users\mspprod\documents\visual studio 2010\projects\ustnoire\ustnoire.cpp(1596): warning C4305: 'argument' : truncation from 'double' to 'GLfloat'
c:\users\mspprod\documents\visual studio 2010\projects\ustnoire\ustnoire.cpp(1596): warning C4305: 'argument' : truncation from 'double' to 'GLfloat'
c:\users\mspprod\documents\visual studio 2010\projects\ustnoire\ustnoire.cpp(1596): warning C4305: 'argument' : truncation from 'double' to 'GLfloat'
c:\users\mspprod\documents\visual studio 2010\projects\ustnoire\ustnoire.cpp(1631): warning C4805: '==' : unsafe mix of type 'GLboolean' and type 'bool' in operation
c:\users\mspprod\documents\visual studio 2010\projects\ustnoire\ustnoire.cpp(1642): warning C4244: 'argument' : conversion from 'double' to 'const GLfloat', possible loss of data
c:\users\mspprod\documents\visual studio 2010\projects\ustnoire\ustnoire.cpp(1643): warning C4244: 'argument' : conversion from 'double' to 'const GLfloat', possible loss of data
c:\users\mspprod\documents\visual studio 2010\projects\ustnoire\ustnoire.cpp(1646): warning C4805: '==' : unsafe mix of type 'GLboolean' and type 'bool' in operation
c:\users\mspprod\documents\visual studio 2010\projects\ustnoire\ustnoire.cpp(1660): warning C4805: '==' : unsafe mix of type 'GLboolean' and type 'bool' in operation
c:\users\mspprod\documents\visual studio 2010\projects\ustnoire\ustnoire.cpp(1665): warning C4244: '-=' : conversion from 'double' to 'GLfloat', possible loss of data
c:\users\mspprod\documents\visual studio 2010\projects\ustnoire\ustnoire.cpp(1669): warning C4244: '+=' : conversion from 'double' to 'GLfloat', possible loss of data
c:\users\mspprod\documents\visual studio 2010\projects\ustnoire\ustnoire.cpp(1673): warning C4244: '=' : conversion from 'double' to 'GLfloat', possible loss of data
c:\users\mspprod\documents\visual studio 2010\projects\ustnoire\ustnoire.cpp(1674): warning C4244: '=' : conversion from 'double' to 'GLfloat', possible loss of data
c:\users\mspprod\documents\visual studio 2010\projects\ustnoire\ustnoire.cpp(1700): warning C4244: '+=' : conversion from 'double' to 'GLfloat', possible loss of data
c:\users\mspprod\documents\visual studio 2010\projects\ustnoire\ustnoire.cpp(1706): warning C4244: '+=' : conversion from 'double' to 'GLfloat', possible loss of data
c:\users\mspprod\documents\visual studio 2010\projects\ustnoire\ustnoire.cpp(1710): warning C4244: '-=' : conversion from 'double' to 'GLfloat', possible loss of data
c:\users\mspprod\documents\visual studio 2010\projects\ustnoire\ustnoire.cpp(1713): warning C4244: '=' : conversion from 'double' to 'GLfloat', possible loss of data
c:\users\mspprod\documents\visual studio 2010\projects\ustnoire\ustnoire.cpp(1714): warning C4244: '=' : conversion from 'double' to 'GLfloat', possible loss of data
c:\users\mspprod\documents\visual studio 2010\projects\ustnoire\ustnoire.cpp(1737): warning C4244: '-=' : conversion from 'double' to 'GLfloat', possible loss of data
c:\users\mspprod\documents\visual studio 2010\projects\ustnoire\ustnoire.cpp(1798): warning C4805: '==' : unsafe mix of type 'GLboolean' and type 'bool' in operation
c:\users\mspprod\documents\visual studio 2010\projects\ustnoire\ustnoire.cpp(1925): warning C4305: 'argument' : truncation from 'double' to 'GLfloat'
c:\users\mspprod\documents\visual studio 2010\projects\ustnoire\ustnoire.cpp(1926): warning C4305: 'argument' : truncation from 'double' to 'GLfloat'
c:\users\mspprod\documents\visual studio 2010\projects\ustnoire\ustnoire.cpp(1927): warning C4305: 'argument' : truncation from 'double' to 'GLfloat'
c:\users\mspprod\documents\visual studio 2010\projects\ustnoire\ustnoire.cpp(1940): warning C4305: '=' : truncation from 'double' to 'GLfloat'
c:\users\mspprod\documents\visual studio 2010\projects\ustnoire\ustnoire.cpp(1979): warning C4305: '=' : truncation from 'double' to 'GLfloat'
c:\users\mspprod\documents\visual studio 2010\projects\ustnoire\ustnoire.cpp(1980): warning C4305: '=' : truncation from 'double' to 'GLfloat'
c:\users\mspprod\documents\visual studio 2010\projects\ustnoire\ustnoire.cpp(1983): warning C4244: '=' : conversion from 'double' to 'GLfloat', possible loss of data
c:\users\mspprod\documents\visual studio 2010\projects\ustnoire\ustnoire.cpp(2009): warning C4305: '=' : truncation from 'double' to 'GLfloat'
c:\users\mspprod\documents\visual studio 2010\projects\ustnoire\ustnoire.cpp(2013): warning C4305: '=' : truncation from 'double' to 'GLfloat'
c:\users\mspprod\documents\visual studio 2010\projects\ustnoire\ustnoire.cpp(2018): warning C4305: '=' : truncation from 'double' to 'GLfloat'
c:\users\mspprod\documents\visual studio 2010\projects\ustnoire\ustnoire.cpp(2022): warning C4305: '=' : truncation from 'double' to 'GLfloat'
c:\users\mspprod\documents\visual studio 2010\projects\ustnoire\ustnoire.cpp(2031): warning C4305: '=' : truncation from 'double' to 'GLfloat'
c:\users\mspprod\documents\visual studio 2010\projects\ustnoire\ustnoire.cpp(2035): warning C4305: '=' : truncation from 'double' to 'GLfloat'
c:\users\mspprod\documents\visual studio 2010\projects\ustnoire\ustnoire.cpp(2040): warning C4305: '=' : truncation from 'double' to 'GLfloat'
c:\users\mspprod\documents\visual studio 2010\projects\ustnoire\ustnoire.cpp(2044): warning C4305: '=' : truncation from 'double' to 'GLfloat'
  OutForDrive.vcxproj -> C:\Users\mspprod\Documents\Visual Studio 2010\Projects\USTNoire\Debug\USTNoire.exe
