C:\USERS\SILAMHOME\DOCUMENTS\VISUAL STUDIO 2010\PROJECTS\ASSIGNMENT2\DEBUG\OUTFORDRIVE.EXE
C:\USERS\SILAMHOME\DOCUMENTS\VISUAL STUDIO 2010\PROJECTS\ASSIGNMENT2\DEBUG\OUTFORDRIVE.ILK
C:\USERS\SILAMHOME\DOCUMENTS\VISUAL STUDIO 2010\PROJECTS\ASSIGNMENT2\DEBUG\OUTFORDRIVE.PDB
C:\USERS\SILAMHOME\DOCUMENTS\VISUAL STUDIO 2010\PROJECTS\ASSIGNMENT2\OUTFORDRIVE\DEBUG\CAROBJECT.OBJ
C:\Users\silamhome\documents\visual studio 2010\Projects\Assignment2\OutForDrive\Debug\cl.command.1.tlog
C:\Users\silamhome\documents\visual studio 2010\Projects\Assignment2\OutForDrive\Debug\CL.read.1.tlog
C:\Users\silamhome\documents\visual studio 2010\Projects\Assignment2\OutForDrive\Debug\CL.write.1.tlog
C:\USERS\SILAMHOME\DOCUMENTS\VISUAL STUDIO 2010\PROJECTS\ASSIGNMENT2\OUTFORDRIVE\DEBUG\INITSHADER.OBJ
C:\Users\silamhome\documents\visual studio 2010\Projects\Assignment2\OutForDrive\Debug\link.10556.read.1.tlog
C:\Users\silamhome\documents\visual studio 2010\Projects\Assignment2\OutForDrive\Debug\link.10556.write.1.tlog
C:\Users\silamhome\documents\visual studio 2010\Projects\Assignment2\OutForDrive\Debug\link.10556-cvtres.read.1.tlog
C:\Users\silamhome\documents\visual studio 2010\Projects\Assignment2\OutForDrive\Debug\link.10556-cvtres.write.1.tlog
C:\Users\silamhome\documents\visual studio 2010\Projects\Assignment2\OutForDrive\Debug\link.10664.read.1.tlog
C:\Users\silamhome\documents\visual studio 2010\Projects\Assignment2\OutForDrive\Debug\link.10664.write.1.tlog
C:\Users\silamhome\documents\visual studio 2010\Projects\Assignment2\OutForDrive\Debug\link.10664-cvtres.read.1.tlog
C:\Users\silamhome\documents\visual studio 2010\Projects\Assignment2\OutForDrive\Debug\link.10664-cvtres.write.1.tlog
C:\Users\silamhome\documents\visual studio 2010\Projects\Assignment2\OutForDrive\Debug\link.10672.read.1.tlog
C:\Users\silamhome\documents\visual studio 2010\Projects\Assignment2\OutForDrive\Debug\link.10672.write.1.tlog
C:\Users\silamhome\documents\visual studio 2010\Projects\Assignment2\OutForDrive\Debug\link.10672-cvtres.read.1.tlog
C:\Users\silamhome\documents\visual studio 2010\Projects\Assignment2\OutForDrive\Debug\link.10672-cvtres.write.1.tlog
C:\Users\silamhome\documents\visual studio 2010\Projects\Assignment2\OutForDrive\Debug\link.10704.read.1.tlog
C:\Users\silamhome\documents\visual studio 2010\Projects\Assignment2\OutForDrive\Debug\link.10704.write.1.tlog
C:\Users\silamhome\documents\visual studio 2010\Projects\Assignment2\OutForDrive\Debug\link.10704-cvtres.read.1.tlog
C:\Users\silamhome\documents\visual studio 2010\Projects\Assignment2\OutForDrive\Debug\link.10704-cvtres.write.1.tlog
C:\Users\silamhome\documents\visual studio 2010\Projects\Assignment2\OutForDrive\Debug\link.10952.read.1.tlog
C:\Users\silamhome\documents\visual studio 2010\Projects\Assignment2\OutForDrive\Debug\link.10952.write.1.tlog
C:\Users\silamhome\documents\visual studio 2010\Projects\Assignment2\OutForDrive\Debug\link.10952-cvtres.read.1.tlog
C:\Users\silamhome\documents\visual studio 2010\Projects\Assignment2\OutForDrive\Debug\link.10952-cvtres.write.1.tlog
C:\Users\silamhome\documents\visual studio 2010\Projects\Assignment2\OutForDrive\Debug\link.11328.read.1.tlog
C:\Users\silamhome\documents\visual studio 2010\Projects\Assignment2\OutForDrive\Debug\link.11328.write.1.tlog
C:\Users\silamhome\documents\visual studio 2010\Projects\Assignment2\OutForDrive\Debug\link.11328-cvtres.read.1.tlog
C:\Users\silamhome\documents\visual studio 2010\Projects\Assignment2\OutForDrive\Debug\link.11328-cvtres.write.1.tlog
C:\Users\silamhome\documents\visual studio 2010\Projects\Assignment2\OutForDrive\Debug\link.11880.read.1.tlog
C:\Users\silamhome\documents\visual studio 2010\Projects\Assignment2\OutForDrive\Debug\link.11880.write.1.tlog
C:\Users\silamhome\documents\visual studio 2010\Projects\Assignment2\OutForDrive\Debug\link.11880-cvtres.read.1.tlog
C:\Users\silamhome\documents\visual studio 2010\Projects\Assignment2\OutForDrive\Debug\link.11880-cvtres.write.1.tlog
C:\Users\silamhome\documents\visual studio 2010\Projects\Assignment2\OutForDrive\Debug\link.11888.read.1.tlog
C:\Users\silamhome\documents\visual studio 2010\Projects\Assignment2\OutForDrive\Debug\link.11888.write.1.tlog
C:\Users\silamhome\documents\visual studio 2010\Projects\Assignment2\OutForDrive\Debug\link.11888-cvtres.read.1.tlog
C:\Users\silamhome\documents\visual studio 2010\Projects\Assignment2\OutForDrive\Debug\link.11888-cvtres.write.1.tlog
C:\Users\silamhome\documents\visual studio 2010\Projects\Assignment2\OutForDrive\Debug\link.12136.read.1.tlog
C:\Users\silamhome\documents\visual studio 2010\Projects\Assignment2\OutForDrive\Debug\link.12136.write.1.tlog
C:\Users\silamhome\documents\visual studio 2010\Projects\Assignment2\OutForDrive\Debug\link.12136-cvtres.read.1.tlog
C:\Users\silamhome\documents\visual studio 2010\Projects\Assignment2\OutForDrive\Debug\link.12136-cvtres.write.1.tlog
C:\Users\silamhome\documents\visual studio 2010\Projects\Assignment2\OutForDrive\Debug\link.12476.read.1.tlog
C:\Users\silamhome\documents\visual studio 2010\Projects\Assignment2\OutForDrive\Debug\link.12476.write.1.tlog
C:\Users\silamhome\documents\visual studio 2010\Projects\Assignment2\OutForDrive\Debug\link.12476-cvtres.read.1.tlog
C:\Users\silamhome\documents\visual studio 2010\Projects\Assignment2\OutForDrive\Debug\link.12476-cvtres.write.1.tlog
C:\Users\silamhome\documents\visual studio 2010\Projects\Assignment2\OutForDrive\Debug\link.12528.read.1.tlog
C:\Users\silamhome\documents\visual studio 2010\Projects\Assignment2\OutForDrive\Debug\link.12528.write.1.tlog
C:\Users\silamhome\documents\visual studio 2010\Projects\Assignment2\OutForDrive\Debug\link.12528-cvtres.read.1.tlog
C:\Users\silamhome\documents\visual studio 2010\Projects\Assignment2\OutForDrive\Debug\link.12528-cvtres.write.1.tlog
C:\Users\silamhome\documents\visual studio 2010\Projects\Assignment2\OutForDrive\Debug\link.12632.read.1.tlog
C:\Users\silamhome\documents\visual studio 2010\Projects\Assignment2\OutForDrive\Debug\link.12632.write.1.tlog
C:\Users\silamhome\documents\visual studio 2010\Projects\Assignment2\OutForDrive\Debug\link.12632-cvtres.read.1.tlog
C:\Users\silamhome\documents\visual studio 2010\Projects\Assignment2\OutForDrive\Debug\link.12632-cvtres.write.1.tlog
C:\Users\silamhome\documents\visual studio 2010\Projects\Assignment2\OutForDrive\Debug\link.12724.read.1.tlog
C:\Users\silamhome\documents\visual studio 2010\Projects\Assignment2\OutForDrive\Debug\link.12724.write.1.tlog
C:\Users\silamhome\documents\visual studio 2010\Projects\Assignment2\OutForDrive\Debug\link.12724-cvtres.read.1.tlog
C:\Users\silamhome\documents\visual studio 2010\Projects\Assignment2\OutForDrive\Debug\link.12724-cvtres.write.1.tlog
C:\Users\silamhome\documents\visual studio 2010\Projects\Assignment2\OutForDrive\Debug\link.12808.read.1.tlog
C:\Users\silamhome\documents\visual studio 2010\Projects\Assignment2\OutForDrive\Debug\link.12808.write.1.tlog
C:\Users\silamhome\documents\visual studio 2010\Projects\Assignment2\OutForDrive\Debug\link.12808-cvtres.read.1.tlog
C:\Users\silamhome\documents\visual studio 2010\Projects\Assignment2\OutForDrive\Debug\link.12808-cvtres.write.1.tlog
C:\Users\silamhome\documents\visual studio 2010\Projects\Assignment2\OutForDrive\Debug\link.13124.read.1.tlog
C:\Users\silamhome\documents\visual studio 2010\Projects\Assignment2\OutForDrive\Debug\link.13124.write.1.tlog
C:\Users\silamhome\documents\visual studio 2010\Projects\Assignment2\OutForDrive\Debug\link.13124-cvtres.read.1.tlog
C:\Users\silamhome\documents\visual studio 2010\Projects\Assignment2\OutForDrive\Debug\link.13124-cvtres.write.1.tlog
C:\Users\silamhome\documents\visual studio 2010\Projects\Assignment2\OutForDrive\Debug\link.13384.read.1.tlog
C:\Users\silamhome\documents\visual studio 2010\Projects\Assignment2\OutForDrive\Debug\link.13384.write.1.tlog
C:\Users\silamhome\documents\visual studio 2010\Projects\Assignment2\OutForDrive\Debug\link.13384-cvtres.read.1.tlog
C:\Users\silamhome\documents\visual studio 2010\Projects\Assignment2\OutForDrive\Debug\link.13384-cvtres.write.1.tlog
C:\Users\silamhome\documents\visual studio 2010\Projects\Assignment2\OutForDrive\Debug\link.13560.read.1.tlog
C:\Users\silamhome\documents\visual studio 2010\Projects\Assignment2\OutForDrive\Debug\link.13560.write.1.tlog
C:\Users\silamhome\documents\visual studio 2010\Projects\Assignment2\OutForDrive\Debug\link.13560-cvtres.read.1.tlog
C:\Users\silamhome\documents\visual studio 2010\Projects\Assignment2\OutForDrive\Debug\link.13560-cvtres.write.1.tlog
C:\Users\silamhome\documents\visual studio 2010\Projects\Assignment2\OutForDrive\Debug\link.13820.read.1.tlog
C:\Users\silamhome\documents\visual studio 2010\Projects\Assignment2\OutForDrive\Debug\link.13820.write.1.tlog
C:\Users\silamhome\documents\visual studio 2010\Projects\Assignment2\OutForDrive\Debug\link.13820-cvtres.read.1.tlog
C:\Users\silamhome\documents\visual studio 2010\Projects\Assignment2\OutForDrive\Debug\link.13820-cvtres.write.1.tlog
C:\Users\silamhome\documents\visual studio 2010\Projects\Assignment2\OutForDrive\Debug\link.13880.read.1.tlog
C:\Users\silamhome\documents\visual studio 2010\Projects\Assignment2\OutForDrive\Debug\link.13880.write.1.tlog
C:\Users\silamhome\documents\visual studio 2010\Projects\Assignment2\OutForDrive\Debug\link.13880-cvtres.read.1.tlog
C:\Users\silamhome\documents\visual studio 2010\Projects\Assignment2\OutForDrive\Debug\link.13880-cvtres.write.1.tlog
C:\Users\silamhome\documents\visual studio 2010\Projects\Assignment2\OutForDrive\Debug\link.13960.read.1.tlog
C:\Users\silamhome\documents\visual studio 2010\Projects\Assignment2\OutForDrive\Debug\link.13960.write.1.tlog
C:\Users\silamhome\documents\visual studio 2010\Projects\Assignment2\OutForDrive\Debug\link.13960-cvtres.read.1.tlog
C:\Users\silamhome\documents\visual studio 2010\Projects\Assignment2\OutForDrive\Debug\link.13960-cvtres.write.1.tlog
C:\Users\silamhome\documents\visual studio 2010\Projects\Assignment2\OutForDrive\Debug\link.3420.read.1.tlog
C:\Users\silamhome\documents\visual studio 2010\Projects\Assignment2\OutForDrive\Debug\link.3420.write.1.tlog
C:\Users\silamhome\documents\visual studio 2010\Projects\Assignment2\OutForDrive\Debug\link.3420-cvtres.read.1.tlog
C:\Users\silamhome\documents\visual studio 2010\Projects\Assignment2\OutForDrive\Debug\link.3420-cvtres.write.1.tlog
C:\Users\silamhome\documents\visual studio 2010\Projects\Assignment2\OutForDrive\Debug\link.4552.read.1.tlog
C:\Users\silamhome\documents\visual studio 2010\Projects\Assignment2\OutForDrive\Debug\link.4552.write.1.tlog
C:\Users\silamhome\documents\visual studio 2010\Projects\Assignment2\OutForDrive\Debug\link.4552-cvtres.read.1.tlog
C:\Users\silamhome\documents\visual studio 2010\Projects\Assignment2\OutForDrive\Debug\link.4552-cvtres.write.1.tlog
C:\Users\silamhome\documents\visual studio 2010\Projects\Assignment2\OutForDrive\Debug\link.5860.read.1.tlog
C:\Users\silamhome\documents\visual studio 2010\Projects\Assignment2\OutForDrive\Debug\link.5860.write.1.tlog
C:\Users\silamhome\documents\visual studio 2010\Projects\Assignment2\OutForDrive\Debug\link.5860-cvtres.read.1.tlog
C:\Users\silamhome\documents\visual studio 2010\Projects\Assignment2\OutForDrive\Debug\link.5860-cvtres.write.1.tlog
C:\Users\silamhome\documents\visual studio 2010\Projects\Assignment2\OutForDrive\Debug\link.5988.read.1.tlog
C:\Users\silamhome\documents\visual studio 2010\Projects\Assignment2\OutForDrive\Debug\link.5988.write.1.tlog
C:\Users\silamhome\documents\visual studio 2010\Projects\Assignment2\OutForDrive\Debug\link.5988-cvtres.read.1.tlog
C:\Users\silamhome\documents\visual studio 2010\Projects\Assignment2\OutForDrive\Debug\link.5988-cvtres.write.1.tlog
C:\Users\silamhome\documents\visual studio 2010\Projects\Assignment2\OutForDrive\Debug\link.7572.read.1.tlog
C:\Users\silamhome\documents\visual studio 2010\Projects\Assignment2\OutForDrive\Debug\link.7572.write.1.tlog
C:\Users\silamhome\documents\visual studio 2010\Projects\Assignment2\OutForDrive\Debug\link.7572-cvtres.read.1.tlog
C:\Users\silamhome\documents\visual studio 2010\Projects\Assignment2\OutForDrive\Debug\link.7572-cvtres.write.1.tlog
C:\Users\silamhome\documents\visual studio 2010\Projects\Assignment2\OutForDrive\Debug\link.8268.read.1.tlog
C:\Users\silamhome\documents\visual studio 2010\Projects\Assignment2\OutForDrive\Debug\link.8268.write.1.tlog
C:\Users\silamhome\documents\visual studio 2010\Projects\Assignment2\OutForDrive\Debug\link.8268-cvtres.read.1.tlog
C:\Users\silamhome\documents\visual studio 2010\Projects\Assignment2\OutForDrive\Debug\link.8268-cvtres.write.1.tlog
C:\Users\silamhome\documents\visual studio 2010\Projects\Assignment2\OutForDrive\Debug\link.8952.read.1.tlog
C:\Users\silamhome\documents\visual studio 2010\Projects\Assignment2\OutForDrive\Debug\link.8952.write.1.tlog
C:\Users\silamhome\documents\visual studio 2010\Projects\Assignment2\OutForDrive\Debug\link.8952-cvtres.read.1.tlog
C:\Users\silamhome\documents\visual studio 2010\Projects\Assignment2\OutForDrive\Debug\link.8952-cvtres.write.1.tlog
C:\Users\silamhome\documents\visual studio 2010\Projects\Assignment2\OutForDrive\Debug\link.8988.read.1.tlog
C:\Users\silamhome\documents\visual studio 2010\Projects\Assignment2\OutForDrive\Debug\link.8988.write.1.tlog
C:\Users\silamhome\documents\visual studio 2010\Projects\Assignment2\OutForDrive\Debug\link.8988-cvtres.read.1.tlog
C:\Users\silamhome\documents\visual studio 2010\Projects\Assignment2\OutForDrive\Debug\link.8988-cvtres.write.1.tlog
C:\Users\silamhome\documents\visual studio 2010\Projects\Assignment2\OutForDrive\Debug\link.948.read.1.tlog
C:\Users\silamhome\documents\visual studio 2010\Projects\Assignment2\OutForDrive\Debug\link.948.write.1.tlog
C:\Users\silamhome\documents\visual studio 2010\Projects\Assignment2\OutForDrive\Debug\link.948-cvtres.read.1.tlog
C:\Users\silamhome\documents\visual studio 2010\Projects\Assignment2\OutForDrive\Debug\link.948-cvtres.write.1.tlog
C:\Users\silamhome\documents\visual studio 2010\Projects\Assignment2\OutForDrive\Debug\link.9644.read.1.tlog
C:\Users\silamhome\documents\visual studio 2010\Projects\Assignment2\OutForDrive\Debug\link.9644.write.1.tlog
C:\Users\silamhome\documents\visual studio 2010\Projects\Assignment2\OutForDrive\Debug\link.9644-cvtres.read.1.tlog
C:\Users\silamhome\documents\visual studio 2010\Projects\Assignment2\OutForDrive\Debug\link.9644-cvtres.write.1.tlog
C:\Users\silamhome\documents\visual studio 2010\Projects\Assignment2\OutForDrive\Debug\link.9808.read.1.tlog
C:\Users\silamhome\documents\visual studio 2010\Projects\Assignment2\OutForDrive\Debug\link.9808.write.1.tlog
C:\Users\silamhome\documents\visual studio 2010\Projects\Assignment2\OutForDrive\Debug\link.9808-cvtres.read.1.tlog
C:\Users\silamhome\documents\visual studio 2010\Projects\Assignment2\OutForDrive\Debug\link.9808-cvtres.write.1.tlog
C:\Users\silamhome\documents\visual studio 2010\Projects\Assignment2\OutForDrive\Debug\link.9900.read.1.tlog
C:\Users\silamhome\documents\visual studio 2010\Projects\Assignment2\OutForDrive\Debug\link.9900.write.1.tlog
C:\Users\silamhome\documents\visual studio 2010\Projects\Assignment2\OutForDrive\Debug\link.9900-cvtres.read.1.tlog
C:\Users\silamhome\documents\visual studio 2010\Projects\Assignment2\OutForDrive\Debug\link.9900-cvtres.write.1.tlog
C:\Users\silamhome\documents\visual studio 2010\Projects\Assignment2\OutForDrive\Debug\link.9936.read.1.tlog
C:\Users\silamhome\documents\visual studio 2010\Projects\Assignment2\OutForDrive\Debug\link.9936.write.1.tlog
C:\Users\silamhome\documents\visual studio 2010\Projects\Assignment2\OutForDrive\Debug\link.9936-cvtres.read.1.tlog
C:\Users\silamhome\documents\visual studio 2010\Projects\Assignment2\OutForDrive\Debug\link.9936-cvtres.write.1.tlog
C:\Users\silamhome\documents\visual studio 2010\Projects\Assignment2\OutForDrive\Debug\link.command.1.tlog
C:\Users\silamhome\documents\visual studio 2010\Projects\Assignment2\OutForDrive\Debug\link.read.1.tlog
C:\Users\silamhome\documents\visual studio 2010\Projects\Assignment2\OutForDrive\Debug\link.write.1.tlog
C:\Users\silamhome\documents\visual studio 2010\Projects\Assignment2\OutForDrive\Debug\link-cvtres.read.1.tlog
C:\Users\silamhome\documents\visual studio 2010\Projects\Assignment2\OutForDrive\Debug\link-cvtres.write.1.tlog
C:\USERS\SILAMHOME\DOCUMENTS\VISUAL STUDIO 2010\PROJECTS\ASSIGNMENT2\OUTFORDRIVE\DEBUG\MATRIX_STACK.OBJ
C:\Users\silamhome\documents\visual studio 2010\Projects\Assignment2\OutForDrive\Debug\mt.command.1.tlog
C:\Users\silamhome\documents\visual studio 2010\Projects\Assignment2\OutForDrive\Debug\mt.read.1.tlog
C:\Users\silamhome\documents\visual studio 2010\Projects\Assignment2\OutForDrive\Debug\mt.write.1.tlog
C:\USERS\SILAMHOME\DOCUMENTS\VISUAL STUDIO 2010\PROJECTS\ASSIGNMENT2\OUTFORDRIVE\DEBUG\OUTFORDRIVE.EXE.EMBED.MANIFEST
C:\USERS\SILAMHOME\DOCUMENTS\VISUAL STUDIO 2010\PROJECTS\ASSIGNMENT2\OUTFORDRIVE\DEBUG\OUTFORDRIVE.EXE.EMBED.MANIFEST.RES
C:\USERS\SILAMHOME\DOCUMENTS\VISUAL STUDIO 2010\PROJECTS\ASSIGNMENT2\OUTFORDRIVE\DEBUG\OUTFORDRIVE.EXE.INTERMEDIATE.MANIFEST
C:\USERS\SILAMHOME\DOCUMENTS\VISUAL STUDIO 2010\PROJECTS\ASSIGNMENT2\OUTFORDRIVE\DEBUG\OUTFORDRIVE.OBJ
C:\Users\silamhome\documents\visual studio 2010\Projects\Assignment2\OutForDrive\Debug\OutForDrive_manifest.rc
C:\Users\silamhome\documents\visual studio 2010\Projects\Assignment2\OutForDrive\Debug\rc.command.1.tlog
C:\Users\silamhome\documents\visual studio 2010\Projects\Assignment2\OutForDrive\Debug\rc.read.1.tlog
C:\Users\silamhome\documents\visual studio 2010\Projects\Assignment2\OutForDrive\Debug\rc.write.1.tlog
C:\Users\silamhome\documents\visual studio 2010\Projects\Assignment2\OutForDrive\Debug\vc100.idb
C:\USERS\SILAMHOME\DOCUMENTS\VISUAL STUDIO 2010\PROJECTS\ASSIGNMENT2\OUTFORDRIVE\DEBUG\VC100.PDB
